Traceback (most recent call last):
  File "/usr/share/miniconda/envs/cordex-tutorials/lib/python3.9/site-packages/jupyter_cache/executors/utils.py", line 51, in single_nb_execution
    executenb(
  File "/usr/share/miniconda/envs/cordex-tutorials/lib/python3.9/site-packages/nbclient/client.py", line 1204, in execute
    return NotebookClient(nb=nb, resources=resources, km=km, **kwargs).execute()
  File "/usr/share/miniconda/envs/cordex-tutorials/lib/python3.9/site-packages/nbclient/util.py", line 84, in wrapped
    return just_run(coro(*args, **kwargs))
  File "/usr/share/miniconda/envs/cordex-tutorials/lib/python3.9/site-packages/nbclient/util.py", line 62, in just_run
    return loop.run_until_complete(coro)
  File "/usr/share/miniconda/envs/cordex-tutorials/lib/python3.9/asyncio/base_events.py", line 647, in run_until_complete
    return future.result()
  File "/usr/share/miniconda/envs/cordex-tutorials/lib/python3.9/site-packages/nbclient/client.py", line 663, in async_execute
    await self.async_execute_cell(
  File "/usr/share/miniconda/envs/cordex-tutorials/lib/python3.9/site-packages/nbclient/client.py", line 965, in async_execute_cell
    await self._check_raise_for_error(cell, cell_index, exec_reply)
  File "/usr/share/miniconda/envs/cordex-tutorials/lib/python3.9/site-packages/nbclient/client.py", line 862, in _check_raise_for_error
    raise CellExecutionError.from_cell_and_msg(cell, exec_reply_content)
nbclient.exceptions.CellExecutionError: An error occurred while executing the following cell:
------------------
def plot(
    da,
    transform=ccrs.PlateCarree(),
    projection=ccrs.PlateCarree(),
    vmin=None,
    vmax=None,
    cmap=None,
    borders=True,
    xlocs=range(-180, 180, 2),
    ylocs=range(-90, 90, 2),
    extent=None,
    figsize=(15, 10),
    title=None,
):
    """plot a domain using the right projections and transformations with cartopy"""
    import cartopy.crs as ccrs
    import cartopy.feature as cf
    import matplotlib.pyplot as plt

    plt.figure(figsize=figsize)
    ax = plt.axes(projection=projection)
    if extent:
        # ax.set_extent([ds_sub.rlon.min(), ds_sub.rlon.max(), ds_sub.rlat.min(), ds_sub.rlat.max()], crs=transform)
        ax.set_extent(extent, crs=projection)
    ax.gridlines(
        draw_labels=True, linewidth=0.5, color="gray", xlocs=xlocs, ylocs=ylocs
    )
    da.plot(ax=ax, cmap=cmap, transform=transform, vmin=vmin, vmax=vmax)
    ax.coastlines(resolution="50m", color="black", linewidth=1)
    if borders:
        ax.add_feature(cf.BORDERS)
    if title is not None:
        ax.set_title(title)
------------------

[0;31m---------------------------------------------------------------------------[0m
[0;31mNameError[0m                                 Traceback (most recent call last)
Cell [0;32mIn [6], line 3[0m
[1;32m      1[0m [38;5;28;01mdef[39;00m [38;5;21mplot[39m(
[1;32m      2[0m     da,
[0;32m----> 3[0m     transform[38;5;241m=[39m[43mccrs[49m[38;5;241m.[39mPlateCarree(),
[1;32m      4[0m     projection[38;5;241m=[39mccrs[38;5;241m.[39mPlateCarree(),
[1;32m      5[0m     vmin[38;5;241m=[39m[38;5;28;01mNone[39;00m,
[1;32m      6[0m     vmax[38;5;241m=[39m[38;5;28;01mNone[39;00m,
[1;32m      7[0m     cmap[38;5;241m=[39m[38;5;28;01mNone[39;00m,
[1;32m      8[0m     borders[38;5;241m=[39m[38;5;28;01mTrue[39;00m,
[1;32m      9[0m     xlocs[38;5;241m=[39m[38;5;28mrange[39m([38;5;241m-[39m[38;5;241m180[39m, [38;5;241m180[39m, [38;5;241m2[39m),
[1;32m     10[0m     ylocs[38;5;241m=[39m[38;5;28mrange[39m([38;5;241m-[39m[38;5;241m90[39m, [38;5;241m90[39m, [38;5;241m2[39m),
[1;32m     11[0m     extent[38;5;241m=[39m[38;5;28;01mNone[39;00m,
[1;32m     12[0m     figsize[38;5;241m=[39m([38;5;241m15[39m, [38;5;241m10[39m),
[1;32m     13[0m     title[38;5;241m=[39m[38;5;28;01mNone[39;00m,
[1;32m     14[0m ):
[1;32m     15[0m     [38;5;124;03m"""plot a domain using the right projections and transformations with cartopy"""[39;00m
[1;32m     16[0m     [38;5;28;01mimport[39;00m [38;5;21;01mcartopy[39;00m[38;5;21;01m.[39;00m[38;5;21;01mcrs[39;00m [38;5;28;01mas[39;00m [38;5;21;01mccrs[39;00m

[0;31mNameError[0m: name 'ccrs' is not defined
NameError: name 'ccrs' is not defined

